<?xml version="1.0" encoding="UTF-8"?>
<testsuite name="com.service.impl.UserServiceImplTest" tests="8" skipped="0" failures="0" errors="0" timestamp="2015-10-01T08:55:07" hostname="DP446" time="0.085">
  <properties/>
  <testcase name="testSave" classname="com.service.impl.UserServiceImplTest" time="0.07"/>
  <testcase name="testFindByPhone" classname="com.service.impl.UserServiceImplTest" time="0.003"/>
  <testcase name="testIncrementCount" classname="com.service.impl.UserServiceImplTest" time="0.0"/>
  <testcase name="testDelete" classname="com.service.impl.UserServiceImplTest" time="0.0"/>
  <testcase name="testGetAll" classname="com.service.impl.UserServiceImplTest" time="0.001"/>
  <testcase name="testDecrementCount" classname="com.service.impl.UserServiceImplTest" time="0.001"/>
  <testcase name="testUpdate" classname="com.service.impl.UserServiceImplTest" time="0.001"/>
  <testcase name="testDeleteByPhone" classname="com.service.impl.UserServiceImplTest" time="0.001"/>
  <system-out><![CDATA[]]></system-out>
  <system-err><![CDATA[]]></system-err>
</testsuite>
