<?xml version="1.0" encoding="UTF-8"?>
<testsuite name="com.UserTest" tests="1" skipped="0" failures="0" errors="0" timestamp="2015-10-01T08:55:21" hostname="DP446" time="0.064">
  <properties/>
  <testcase name="testGetPhone" classname="com.UserTest" time="0.064"/>
  <system-out><![CDATA[]]></system-out>
  <system-err><![CDATA[]]></system-err>
</testsuite>
